TN:
SF:src\add.js
FNF:0
FNH:0
DA:1,1
DA:2,1
DA:3,1
DA:4,1
DA:5,1
DA:6,1
DA:7,1
DA:8,1
DA:9,1
DA:10,1
DA:11,1
DA:12,1
DA:13,1
DA:14,1
DA:15,1
DA:16,1
DA:17,1
DA:18,1
LF:18
LH:18
BRDA:1,0,0,1
BRDA:16,1,0,6
BRF:2
BRH:2
end_of_record
TN:
SF:src\eq.js
FN:31,eq
FNF:1
FNH:1
FNDA:7,eq
DA:1,1
DA:2,1
DA:3,1
DA:4,1
DA:5,1
DA:6,1
DA:7,1
DA:8,1
DA:9,1
DA:10,1
DA:11,1
DA:12,1
DA:13,1
DA:14,1
DA:15,1
DA:16,1
DA:17,1
DA:18,1
DA:19,1
DA:20,1
DA:21,1
DA:22,1
DA:23,1
DA:24,1
DA:25,1
DA:26,1
DA:27,1
DA:28,1
DA:29,1
DA:30,1
DA:31,7
DA:32,7
DA:33,7
DA:34,1
DA:35,1
LF:35
LH:35
BRDA:1,0,0,1
BRDA:31,1,0,7
BRDA:32,2,0,3
BRDA:32,3,0,2
BRF:4
BRH:4
end_of_record
TN:
SF:src\isObject.js
FN:24,isObject
FNF:1
FNH:1
FNDA:10,isObject
DA:1,1
DA:2,1
DA:3,1
DA:4,1
DA:5,1
DA:6,1
DA:7,1
DA:8,1
DA:9,1
DA:10,1
DA:11,1
DA:12,1
DA:13,1
DA:14,1
DA:15,1
DA:16,1
DA:17,1
DA:18,1
DA:19,1
DA:20,1
DA:21,1
DA:22,1
DA:23,1
DA:24,10
DA:25,10
DA:26,10
DA:27,10
DA:28,1
DA:29,1
LF:29
LH:29
BRDA:1,0,0,1
BRDA:24,1,0,10
BRDA:26,2,0,4
BRF:3
BRH:3
end_of_record
TN:
SF:src\isSymbol.js
FN:18,isSymbol
FNF:1
FNH:1
FNDA:25,isSymbol
DA:1,1
DA:2,1
DA:3,1
DA:4,1
DA:5,1
DA:6,1
DA:7,1
DA:8,1
DA:9,1
DA:10,1
DA:11,1
DA:12,1
DA:13,1
DA:14,1
DA:15,1
DA:16,1
DA:17,1
DA:18,25
DA:19,25
DA:20,25
DA:21,25
DA:22,1
DA:23,1
LF:23
LH:23
BRDA:1,0,0,1
BRDA:18,1,0,25
BRDA:20,2,0,24
BRDA:20,3,0,5
BRDA:20,4,0,4
BRF:5
BRH:5
end_of_record
TN:
SF:src\toFinite.js
FN:28,toFinite
FNF:1
FNH:1
FNDA:16,toFinite
DA:1,1
DA:2,1
DA:3,1
DA:4,1
DA:5,1
DA:6,1
DA:7,1
DA:8,1
DA:9,1
DA:10,1
DA:11,1
DA:12,1
DA:13,1
DA:14,1
DA:15,1
DA:16,1
DA:17,1
DA:18,1
DA:19,1
DA:20,1
DA:21,1
DA:22,1
DA:23,1
DA:24,1
DA:25,1
DA:26,1
DA:27,1
DA:28,16
DA:29,16
DA:30,4
DA:31,4
DA:32,12
DA:33,16
DA:34,2
DA:35,2
DA:36,2
DA:37,16
DA:38,16
DA:39,1
DA:40,1
LF:40
LH:40
BRDA:1,0,0,1
BRDA:28,1,0,16
BRDA:29,2,0,4
BRDA:30,3,0,0
BRDA:32,4,0,12
BRDA:33,5,0,11
BRDA:33,6,0,2
BRDA:34,7,0,1
BRDA:34,8,0,1
BRDA:37,9,0,10
BRDA:37,10,0,7
BRDA:37,11,0,3
BRF:12
BRH:11
end_of_record
TN:
SF:src\toInteger.js
FN:28,toInteger
FNF:1
FNH:1
FNDA:16,toInteger
DA:1,1
DA:2,1
DA:3,1
DA:4,1
DA:5,1
DA:6,1
DA:7,1
DA:8,1
DA:9,1
DA:10,1
DA:11,1
DA:12,1
DA:13,1
DA:14,1
DA:15,1
DA:16,1
DA:17,1
DA:18,1
DA:19,1
DA:20,1
DA:21,1
DA:22,1
DA:23,1
DA:24,1
DA:25,1
DA:26,1
DA:27,1
DA:28,16
DA:29,16
DA:30,16
DA:31,16
DA:32,16
DA:33,16
DA:34,1
DA:35,1
LF:35
LH:35
BRDA:1,0,0,1
BRDA:28,1,0,16
BRDA:32,2,0,5
BRDA:32,3,0,11
BRF:4
BRH:4
end_of_record
TN:
SF:src\toNumber.js
FN:44,toNumber
FNF:1
FNH:1
FNDA:12,toNumber
DA:1,1
DA:2,1
DA:3,1
DA:4,1
DA:5,1
DA:6,1
DA:7,1
DA:8,1
DA:9,1
DA:10,1
DA:11,1
DA:12,1
DA:13,1
DA:14,1
DA:15,1
DA:16,1
DA:17,1
DA:18,1
DA:19,1
DA:20,1
DA:21,1
DA:22,1
DA:23,1
DA:24,1
DA:25,1
DA:26,1
DA:27,1
DA:28,1
DA:29,1
DA:30,1
DA:31,1
DA:32,1
DA:33,1
DA:34,1
DA:35,1
DA:36,1
DA:37,1
DA:38,1
DA:39,1
DA:40,1
DA:41,1
DA:42,1
DA:43,1
DA:44,12
DA:45,12
DA:46,5
DA:47,5
DA:48,12
DA:49,0
DA:50,0
DA:51,12
DA:52,3
DA:53,3
DA:54,3
DA:55,12
DA:56,1
DA:57,1
DA:58,6
DA:59,6
DA:60,12
DA:61,12
DA:62,12
DA:63,12
DA:64,1
DA:65,1
LF:65
LH:63
BRDA:1,0,0,1
BRDA:44,1,0,12
BRDA:45,2,0,5
BRDA:48,3,0,7
BRDA:48,4,0,0
BRDA:51,5,0,7
BRDA:51,6,0,3
BRDA:52,7,0,0
BRDA:53,8,0,0
BRDA:55,9,0,7
BRDA:55,10,0,1
BRDA:56,11,0,0
BRDA:58,12,0,6
BRDA:61,13,0,0
BRDA:62,14,0,6
BRDA:62,15,0,0
BRF:16
BRH:10
end_of_record
TN:
SF:src\toString.js
FN:25,toString
FNF:1
FNH:1
FNDA:23,toString
DA:1,1
DA:2,1
DA:3,1
DA:4,1
DA:5,1
DA:6,1
DA:7,1
DA:8,1
DA:9,1
DA:10,1
DA:11,1
DA:12,1
DA:13,1
DA:14,1
DA:15,1
DA:16,1
DA:17,1
DA:18,1
DA:19,1
DA:20,1
DA:21,1
DA:22,1
DA:23,1
DA:24,1
DA:25,23
DA:26,23
DA:27,23
DA:28,23
DA:29,1
DA:30,1
DA:31,23
DA:32,5
DA:33,5
DA:34,5
DA:35,23
DA:36,1
DA:37,1
DA:38,16
DA:39,23
DA:40,23
DA:41,1
DA:42,1
LF:42
LH:42
BRDA:1,0,0,1
BRDA:25,1,0,23
BRDA:28,2,0,1
BRDA:31,3,0,22
BRDA:31,4,0,5
BRDA:35,5,0,17
BRDA:35,6,0,1
BRDA:38,7,0,16
BRDA:39,8,0,1
BRDA:39,9,0,1
BRDA:39,10,0,15
BRDA:33,11,0,12
BRDA:33,12,0,2
BRDA:33,13,0,10
BRF:14
BRH:14
end_of_record
TN:
SF:src\words.js
FN:10,asciiWords
FN:30,words
FNF:2
FNH:2
FNDA:3,asciiWords
FNDA:10,words
DA:1,1
DA:2,1
DA:3,1
DA:4,1
DA:5,1
DA:6,1
DA:7,1
DA:8,1
DA:9,1
DA:10,3
DA:11,3
DA:12,3
DA:13,1
DA:14,1
DA:15,1
DA:16,1
DA:17,1
DA:18,1
DA:19,1
DA:20,1
DA:21,1
DA:22,1
DA:23,1
DA:24,1
DA:25,1
DA:26,1
DA:27,1
DA:28,1
DA:29,1
DA:30,10
DA:31,10
DA:32,8
DA:33,8
DA:34,8
DA:35,10
DA:36,10
DA:37,1
DA:38,1
LF:38
LH:38
BRDA:1,0,0,1
BRDA:10,1,0,3
BRDA:30,2,0,10
BRDA:31,3,0,8
BRDA:32,4,0,5
BRDA:32,5,0,3
BRDA:33,6,0,2
BRDA:35,7,0,2
BRDA:35,8,0,0
BRF:9
BRH:8
end_of_record
TN:
SF:src\.internal\baseToNumber.js
FN:14,baseToNumber
FNF:1
FNH:1
FNDA:10,baseToNumber
DA:1,1
DA:2,1
DA:3,1
DA:4,1
DA:5,1
DA:6,1
DA:7,1
DA:8,1
DA:9,1
DA:10,1
DA:11,1
DA:12,1
DA:13,1
DA:14,10
DA:15,10
DA:16,10
DA:17,10
DA:18,0
DA:19,0
DA:20,0
DA:21,0
DA:22,10
DA:23,1
DA:24,1
LF:24
LH:20
BRDA:1,0,0,1
BRDA:14,1,0,10
BRDA:18,2,0,0
BRF:3
BRH:2
end_of_record
TN:
SF:src\.internal\baseToString.js
FN:17,baseToString
FNF:1
FNH:1
FNDA:2,baseToString
DA:1,1
DA:2,1
DA:3,1
DA:4,1
DA:5,1
DA:6,1
DA:7,1
DA:8,1
DA:9,1
DA:10,1
DA:11,1
DA:12,1
DA:13,1
DA:14,1
DA:15,1
DA:16,1
DA:17,2
DA:18,2
DA:19,2
DA:20,1
DA:21,1
DA:22,2
DA:23,0
DA:24,0
DA:25,0
DA:26,2
DA:27,0
DA:28,0
DA:29,1
DA:30,2
DA:31,2
DA:32,1
DA:33,1
LF:33
LH:28
BRDA:1,0,0,1
BRDA:17,1,0,2
BRDA:19,2,0,1
BRDA:22,3,0,0
BRDA:26,4,0,1
BRDA:26,5,0,0
BRDA:29,6,0,1
BRDA:30,7,0,0
BRDA:30,8,0,0
BRDA:30,9,0,1
BRF:10
BRH:6
end_of_record
TN:
SF:src\.internal\createMathOperation.js
FN:12,createMathOperation
FNF:1
FNH:1
FNDA:1,createMathOperation
DA:1,1
DA:2,1
DA:3,1
DA:4,1
DA:5,1
DA:6,1
DA:7,1
DA:8,1
DA:9,1
DA:10,1
DA:11,1
DA:12,1
DA:13,1
DA:14,6
DA:15,0
DA:16,0
DA:17,6
DA:18,0
DA:19,0
DA:20,6
DA:21,0
DA:22,0
DA:23,6
DA:24,1
DA:25,1
DA:26,1
DA:27,5
DA:28,5
DA:29,5
DA:30,5
DA:31,6
DA:32,6
DA:33,1
DA:34,1
DA:35,1
LF:35
LH:29
BRDA:1,0,0,1
BRDA:12,1,0,1
BRDA:13,2,0,6
BRDA:14,3,0,0
BRDA:14,4,0,0
BRDA:17,5,0,0
BRDA:20,6,0,0
BRDA:23,7,0,5
BRDA:23,8,0,1
BRDA:27,9,0,5
BRF:10
BRH:6
end_of_record
TN:
SF:src\.internal\getTag.js
FN:10,getTag
FNF:1
FNH:1
FNDA:4,getTag
DA:1,1
DA:2,1
DA:3,1
DA:4,1
DA:5,1
DA:6,1
DA:7,1
DA:8,1
DA:9,1
DA:10,4
DA:11,4
DA:12,0
DA:13,0
DA:14,4
DA:15,4
DA:16,1
DA:17,1
LF:17
LH:15
BRDA:1,0,0,1
BRDA:10,1,0,4
BRDA:11,2,0,0
BRF:3
BRH:2
end_of_record
TN:
SF:src\.internal\unicodeWords.js
FN:66,unicodeWords
FNF:1
FNH:1
FNDA:5,unicodeWords
DA:1,1
DA:2,1
DA:3,1
DA:4,1
DA:5,1
DA:6,1
DA:7,1
DA:8,1
DA:9,1
DA:10,1
DA:11,1
DA:12,1
DA:13,1
DA:14,1
DA:15,1
DA:16,1
DA:17,1
DA:18,1
DA:19,1
DA:20,1
DA:21,1
DA:22,1
DA:23,1
DA:24,1
DA:25,1
DA:26,1
DA:27,1
DA:28,1
DA:29,1
DA:30,1
DA:31,1
DA:32,1
DA:33,1
DA:34,1
DA:35,1
DA:36,1
DA:37,1
DA:38,1
DA:39,1
DA:40,1
DA:41,1
DA:42,1
DA:43,1
DA:44,1
DA:45,1
DA:46,1
DA:47,1
DA:48,1
DA:49,1
DA:50,1
DA:51,1
DA:52,1
DA:53,1
DA:54,1
DA:55,1
DA:56,1
DA:57,1
DA:58,1
DA:59,1
DA:60,1
DA:61,1
DA:62,1
DA:63,1
DA:64,1
DA:65,1
DA:66,5
DA:67,5
DA:68,5
DA:69,1
DA:70,1
LF:70
LH:70
BRDA:1,0,0,1
BRDA:66,1,0,5
BRF:2
BRH:2
end_of_record
